Using pre-set license
Built from '2021.3/staging' branch; Version is '2021.3.9f1 (ad3870b89536) revision 11352176'; Using compiler version '192829333'; Build Type 'Release'
OS: 'Windows 11  (10.0.22000) 64bit Professional' Language: 'en' Physical Memory: 16332 MB
BatchMode: 1, IsHumanControllingUs: 0, StartBugReporterOnCrash: 0, Is64bit: 1, IsPro: 1

COMMAND LINE ARGUMENTS:
C:\Program Files\Unity\Hub\Editor\2021.3.9f1\Editor\Unity.exe
-adb2
-batchMode
-noUpm
-name
AssetImportWorker0
-projectPath
C:/Users/jean_/Documents/UnityProjects/TP/AlfaKids
-logFile
Logs/AssetImportWorker0.log
-srvPort
62386
Successfully changed project path to: C:/Users/jean_/Documents/UnityProjects/TP/AlfaKids
C:/Users/jean_/Documents/UnityProjects/TP/AlfaKids
[UnityMemory] Configuration Parameters - Can be set up in boot.config
    "memorysetup-bucket-allocator-granularity=16"
    "memorysetup-bucket-allocator-bucket-count=8"
    "memorysetup-bucket-allocator-block-size=33554432"
    "memorysetup-bucket-allocator-block-count=8"
    "memorysetup-main-allocator-block-size=16777216"
    "memorysetup-thread-allocator-block-size=16777216"
    "memorysetup-gfx-main-allocator-block-size=16777216"
    "memorysetup-gfx-thread-allocator-block-size=16777216"
    "memorysetup-cache-allocator-block-size=4194304"
    "memorysetup-typetree-allocator-block-size=2097152"
    "memorysetup-profiler-bucket-allocator-granularity=16"
    "memorysetup-profiler-bucket-allocator-bucket-count=8"
    "memorysetup-profiler-bucket-allocator-block-size=33554432"
    "memorysetup-profiler-bucket-allocator-block-count=8"
    "memorysetup-profiler-allocator-block-size=16777216"
    "memorysetup-profiler-editor-allocator-block-size=1048576"
    "memorysetup-temp-allocator-size-main=16777216"
    "memorysetup-job-temp-allocator-block-size=2097152"
    "memorysetup-job-temp-allocator-block-size-background=1048576"
    "memorysetup-job-temp-allocator-reduction-small-platforms=262144"
    "memorysetup-temp-allocator-size-background-worker=32768"
    "memorysetup-temp-allocator-size-job-worker=262144"
    "memorysetup-temp-allocator-size-preload-manager=33554432"
    "memorysetup-temp-allocator-size-nav-mesh-worker=65536"
    "memorysetup-temp-allocator-size-audio-worker=65536"
    "memorysetup-temp-allocator-size-cloud-worker=32768"
    "memorysetup-temp-allocator-size-gi-baking-worker=262144"
    "memorysetup-temp-allocator-size-gfx=262144"
Refreshing native plugins compatible for Editor in 107.41 ms, found 3 plugins.
Preloading 0 native plugins for Editor in 0.00 ms.
Initialize engine version: 2021.3.9f1 (ad3870b89536)
[Subsystems] Discovering subsystems at path C:/Program Files/Unity/Hub/Editor/2021.3.9f1/Editor/Data/Resources/UnitySubsystems
[Subsystems] Discovering subsystems at path C:/Users/jean_/Documents/UnityProjects/TP/AlfaKids/Assets
GfxDevice: creating device client; threaded=0; jobified=0
Direct3D:
    Version:  Direct3D 11.0 [level 11.1]
    Renderer: Radeon RX 570 Series (ID=0x67df)
    Vendor:   ATI
    VRAM:     4075 MB
    Driver:   30.0.13023.4001
Initialize mono
Mono path[0] = 'C:/Program Files/Unity/Hub/Editor/2021.3.9f1/Editor/Data/Managed'
Mono path[1] = 'C:/Program Files/Unity/Hub/Editor/2021.3.9f1/Editor/Data/MonoBleedingEdge/lib/mono/unityjit-win32'
Mono config path = 'C:/Program Files/Unity/Hub/Editor/2021.3.9f1/Editor/Data/MonoBleedingEdge/etc'
Using monoOptions --debugger-agent=transport=dt_socket,embedding=1,server=y,suspend=n,address=127.0.0.1:56964
Begin MonoManager ReloadAssembly
Registering precompiled unity dll's ...
Register platform support module: C:/Program Files/Unity/Hub/Editor/2021.3.9f1/Editor/Data/PlaybackEngines/WebGLSupport/UnityEditor.WebGL.Extensions.dll
Register platform support module: C:/Program Files/Unity/Hub/Editor/2021.3.9f1/Editor/Data/PlaybackEngines/WindowsStandaloneSupport/UnityEditor.WindowsStandalone.Extensions.dll
Registered in 0.006229 seconds.
Native extension for WindowsStandalone target not found
Native extension for WebGL target not found
Refreshing native plugins compatible for Editor in 84.36 ms, found 3 plugins.
Preloading 0 native plugins for Editor in 0.00 ms.
Mono: successfully reloaded assembly
- Completed reload, in  0.750 seconds
Domain Reload Profiling:
	ReloadAssembly (751ms)
		BeginReloadAssembly (109ms)
			ExecutionOrderSort (0ms)
			DisableScriptedObjects (0ms)
			BackupInstance (0ms)
			ReleaseScriptingObjects (0ms)
			CreateAndSetChildDomain (1ms)
		EndReloadAssembly (505ms)
			LoadAssemblies (106ms)
			RebuildTransferFunctionScriptingTraits (0ms)
			SetupTypeCache (118ms)
			ReleaseScriptCaches (0ms)
			RebuildScriptCaches (31ms)
			SetupLoadedEditorAssemblies (298ms)
				LogAssemblyErrors (0ms)
				InitializePlatformSupportModulesInManaged (10ms)
				SetLoadedEditorAssemblies (0ms)
				RefreshPlugins (85ms)
				BeforeProcessingInitializeOnLoad (1ms)
				ProcessInitializeOnLoadAttributes (146ms)
				ProcessInitializeOnLoadMethodAttributes (55ms)
				AfterProcessingInitializeOnLoad (0ms)
				EditorAssembliesLoaded (0ms)
			ExecutionOrderSort2 (0ms)
			AwakeInstancesAfterBackupRestoration (0ms)
Platform modules already initialized, skipping
Registering precompiled user dll's ...
Registered in 0.006095 seconds.
Begin MonoManager ReloadAssembly
Native extension for WindowsStandalone target not found
Native extension for WebGL target not found
Refreshing native plugins compatible for Editor in 0.64 ms, found 3 plugins.
Preloading 0 native plugins for Editor in 0.00 ms.
Mono: successfully reloaded assembly
- Completed reload, in  1.235 seconds
Domain Reload Profiling:
	ReloadAssembly (1236ms)
		BeginReloadAssembly (128ms)
			ExecutionOrderSort (0ms)
			DisableScriptedObjects (7ms)
			BackupInstance (0ms)
			ReleaseScriptingObjects (0ms)
			CreateAndSetChildDomain (21ms)
		EndReloadAssembly (952ms)
			LoadAssemblies (90ms)
			RebuildTransferFunctionScriptingTraits (0ms)
			SetupTypeCache (303ms)
			ReleaseScriptCaches (1ms)
			RebuildScriptCaches (77ms)
			SetupLoadedEditorAssemblies (437ms)
				LogAssemblyErrors (0ms)
				InitializePlatformSupportModulesInManaged (7ms)
				SetLoadedEditorAssemblies (1ms)
				RefreshPlugins (1ms)
				BeforeProcessingInitializeOnLoad (88ms)
				ProcessInitializeOnLoadAttributes (298ms)
				ProcessInitializeOnLoadMethodAttributes (35ms)
				AfterProcessingInitializeOnLoad (8ms)
				EditorAssembliesLoaded (0ms)
			ExecutionOrderSort2 (0ms)
			AwakeInstancesAfterBackupRestoration (8ms)
Platform modules already initialized, skipping
========================================================================
Worker process is ready to serve import requests
Launched and connected shader compiler UnityShaderCompiler.exe after 0.04 seconds
Refreshing native plugins compatible for Editor in 0.69 ms, found 3 plugins.
Preloading 0 native plugins for Editor in 0.00 ms.
Unloading 3423 Unused Serialized files (Serialized files now loaded: 0)
Unloading 37 unused Assets / (129.1 KB). Loaded Objects now: 3901.
Memory consumption went from 131.3 MB to 131.1 MB.
Total: 3.848700 ms (FindLiveObjects: 0.350100 ms CreateObjectMapping: 0.108300 ms MarkObjects: 3.269900 ms  DeleteObjects: 0.119300 ms)

AssetImportParameters requested are different than current active one (requested -> active):
  custom:video-decoder-ogg-theora: a1e56fd34408186e4bbccfd4996cb3dc -> 
  custom:container-muxer-webm: aa71ff27fc2769a1b78a27578f13a17b -> 
  custom:container-demuxer-webm: 4f35f7cbe854078d1ac9338744f61a02 -> 
  custom:video-encoder-webm-vp8: eb34c28f22e8b96e1ab97ce403110664 -> 
  custom:audio-encoder-webm-vorbis: bf7c407c2cedff20999df2af8eb42d56 -> 
  custom:framework-win-MediaFoundation: 216162199b28c13a410421893ffa2e32 -> 
  custom:container-demuxer-ogg: 62fdf1f143b41e24485cea50d1cbac27 -> 
  custom:video-decoder-webm-vp8: 9c59270c3fd7afecdb556c50c9e8de78 -> 
  custom:audio-decoder-ogg-vorbis: bf7c407c2cedff20999df2af8eb42d56 -> 
========================================================================
Received Import Request.
  Time since last request: 357313.721566 seconds.
  path: Assets/Puppet Kid/NewBrush.brush
  artifactKey: Guid(945df0bdab3e10345bb0fc279a1e5d65) Importer(815301076,1909f56bfc062723c751e8b465ee728b)
Start importing Assets/Puppet Kid/NewBrush.brush using Guid(945df0bdab3e10345bb0fc279a1e5d65) Importer(815301076,1909f56bfc062723c751e8b465ee728b)  -> (artifact id: '2f114c4a7a603bb16dfeb8dc63d68bb3') in 0.104362 seconds 
========================================================================
Received Import Request.
  Time since last request: 0.000026 seconds.
  path: Assets/Puppet Kid/Readme.asset
  artifactKey: Guid(2a11f2aaa0a65de48aa77ac331e57573) Importer(815301076,1909f56bfc062723c751e8b465ee728b)
Start importing Assets/Puppet Kid/Readme.asset using Guid(2a11f2aaa0a65de48aa77ac331e57573) Importer(815301076,1909f56bfc062723c751e8b465ee728b)  -> (artifact id: 'ef76f41e27bd8ee4371271c5e67547f8') in 0.010479 seconds 
========================================================================
Received Prepare
Registering precompiled user dll's ...
Registered in 0.005899 seconds.
Begin MonoManager ReloadAssembly
Native extension for WindowsStandalone target not found
Native extension for WebGL target not found
Refreshing native plugins compatible for Editor in 0.94 ms, found 3 plugins.
Preloading 0 native plugins for Editor in 0.00 ms.
Mono: successfully reloaded assembly
- Completed reload, in  1.288 seconds
Domain Reload Profiling:
	ReloadAssembly (1289ms)
		BeginReloadAssembly (135ms)
			ExecutionOrderSort (0ms)
			DisableScriptedObjects (6ms)
			BackupInstance (0ms)
			ReleaseScriptingObjects (0ms)
			CreateAndSetChildDomain (35ms)
		EndReloadAssembly (1034ms)
			LoadAssemblies (89ms)
			RebuildTransferFunctionScriptingTraits (0ms)
			SetupTypeCache (285ms)
			ReleaseScriptCaches (2ms)
			RebuildScriptCaches (63ms)
			SetupLoadedEditorAssemblies (508ms)
				LogAssemblyErrors (0ms)
				InitializePlatformSupportModulesInManaged (18ms)
				SetLoadedEditorAssemblies (1ms)
				RefreshPlugins (1ms)
				BeforeProcessingInitializeOnLoad (105ms)
				ProcessInitializeOnLoadAttributes (334ms)
				ProcessInitializeOnLoadMethodAttributes (41ms)
				AfterProcessingInitializeOnLoad (9ms)
				EditorAssembliesLoaded (0ms)
			ExecutionOrderSort2 (0ms)
			AwakeInstancesAfterBackupRestoration (10ms)
Platform modules already initialized, skipping
Refreshing native plugins compatible for Editor in 2.41 ms, found 3 plugins.
Preloading 0 native plugins for Editor in 0.00 ms.
Unloading 3415 Unused Serialized files (Serialized files now loaded: 0)
Unloading 18 unused Assets / (95.3 KB). Loaded Objects now: 3922.
Memory consumption went from 135.1 MB to 135.0 MB.
Total: 4.401300 ms (FindLiveObjects: 0.332200 ms CreateObjectMapping: 0.100900 ms MarkObjects: 3.910800 ms  DeleteObjects: 0.055900 ms)

AssetImportParameters requested are different than current active one (requested -> active):
  custom:video-decoder-ogg-theora: a1e56fd34408186e4bbccfd4996cb3dc -> 
  custom:container-muxer-webm: aa71ff27fc2769a1b78a27578f13a17b -> 
  custom:container-demuxer-webm: 4f35f7cbe854078d1ac9338744f61a02 -> 
  custom:video-encoder-webm-vp8: eb34c28f22e8b96e1ab97ce403110664 -> 
  custom:audio-encoder-webm-vorbis: bf7c407c2cedff20999df2af8eb42d56 -> 
  custom:framework-win-MediaFoundation: 216162199b28c13a410421893ffa2e32 -> 
  custom:container-demuxer-ogg: 62fdf1f143b41e24485cea50d1cbac27 -> 
  custom:video-decoder-webm-vp8: 9c59270c3fd7afecdb556c50c9e8de78 -> 
  custom:audio-decoder-ogg-vorbis: bf7c407c2cedff20999df2af8eb42d56 -> 
========================================================================
Received Import Request.
  Time since last request: 241.789707 seconds.
  path: Assets/Sounds/A.mp3
  artifactKey: Guid(c4cc84e55b9e939469b660e762abde5c) Importer(815301076,1909f56bfc062723c751e8b465ee728b)
Start importing Assets/Sounds/A.mp3 using Guid(c4cc84e55b9e939469b660e762abde5c) Importer(815301076,1909f56bfc062723c751e8b465ee728b)  -> (artifact id: 'b19c854f69a7721a6be63cfd93a402f9') in 0.111498 seconds 
========================================================================
Received Import Request.
  Time since last request: 0.000023 seconds.
  path: Assets/Sounds/U.mp3
  artifactKey: Guid(3f31dfed32ff18041b39a566d28616c6) Importer(815301076,1909f56bfc062723c751e8b465ee728b)
Start importing Assets/Sounds/U.mp3 using Guid(3f31dfed32ff18041b39a566d28616c6) Importer(815301076,1909f56bfc062723c751e8b465ee728b)  -> (artifact id: 'd8ad713b25dc4420070eb7d3de04b7a5') in 0.016050 seconds 
========================================================================
Received Import Request.
  Time since last request: 0.000021 seconds.
  path: Assets/Sounds/Q.mp3
  artifactKey: Guid(e5d35e5ced0fc52418e29ee253e6b6d5) Importer(815301076,1909f56bfc062723c751e8b465ee728b)
Start importing Assets/Sounds/Q.mp3 using Guid(e5d35e5ced0fc52418e29ee253e6b6d5) Importer(815301076,1909f56bfc062723c751e8b465ee728b)  -> (artifact id: '607425ee1c53a5cf3b8f9a9efbbe4a00') in 0.020791 seconds 
========================================================================
Received Import Request.
  Time since last request: 0.000023 seconds.
  path: Assets/Sounds/H.mp3
  artifactKey: Guid(5aa3a9825b098d34f944c084b96db13b) Importer(815301076,1909f56bfc062723c751e8b465ee728b)
Start importing Assets/Sounds/H.mp3 using Guid(5aa3a9825b098d34f944c084b96db13b) Importer(815301076,1909f56bfc062723c751e8b465ee728b)  -> (artifact id: 'e023e6e6378ec202fac685389f2b2b1a') in 0.019008 seconds 
========================================================================
Received Import Request.
  Time since last request: 0.000029 seconds.
  path: Assets/Sounds/V.mp3
  artifactKey: Guid(72197c366fd90d244bebf5c5b8d11f2b) Importer(815301076,1909f56bfc062723c751e8b465ee728b)
Start importing Assets/Sounds/V.mp3 using Guid(72197c366fd90d244bebf5c5b8d11f2b) Importer(815301076,1909f56bfc062723c751e8b465ee728b)  -> (artifact id: 'd2fd6ee9b7dab9d297d2335185a96c3d') in 0.015315 seconds 
========================================================================
Received Import Request.
  Time since last request: 0.000031 seconds.
  path: Assets/Sounds/S.mp3
  artifactKey: Guid(d8df5ee8d2e56de4eafcd2e747871784) Importer(815301076,1909f56bfc062723c751e8b465ee728b)
Start importing Assets/Sounds/S.mp3 using Guid(d8df5ee8d2e56de4eafcd2e747871784) Importer(815301076,1909f56bfc062723c751e8b465ee728b)  -> (artifact id: '3fa7b819f318fc4ce196fd0b7c2be194') in 0.016892 seconds 
========================================================================
Received Import Request.
  Time since last request: 0.000045 seconds.
  path: Assets/Sounds/O.mp3
  artifactKey: Guid(2c0630baf102b584bb2136f1eae03c29) Importer(815301076,1909f56bfc062723c751e8b465ee728b)
Start importing Assets/Sounds/O.mp3 using Guid(2c0630baf102b584bb2136f1eae03c29) Importer(815301076,1909f56bfc062723c751e8b465ee728b)  -> (artifact id: '8ee847d2b2ef257cc786d21a808d0d74') in 0.015867 seconds 
========================================================================
Received Import Request.
  Time since last request: 0.000027 seconds.
  path: Assets/Sounds/N.mp3
  artifactKey: Guid(1da24dbf406e7b544b7f544dd5e9f7b9) Importer(815301076,1909f56bfc062723c751e8b465ee728b)
Start importing Assets/Sounds/N.mp3 using Guid(1da24dbf406e7b544b7f544dd5e9f7b9) Importer(815301076,1909f56bfc062723c751e8b465ee728b)  -> (artifact id: 'c32f2a9ee701ead09edc720d3e6cd957') in 0.018234 seconds 
========================================================================
Received Import Request.
  Time since last request: 0.000035 seconds.
  path: Assets/Sounds/Z.mp3
  artifactKey: Guid(96705d8c8463b574aa07b37d420cc49d) Importer(815301076,1909f56bfc062723c751e8b465ee728b)
Start importing Assets/Sounds/Z.mp3 using Guid(96705d8c8463b574aa07b37d420cc49d) Importer(815301076,1909f56bfc062723c751e8b465ee728b)  -> (artifact id: '8bdcafab1daad665243ca6f102eea4f0') in 0.022229 seconds 
========================================================================
Received Import Request.
  Time since last request: 0.000028 seconds.
  path: Assets/Sounds/M.mp3
  artifactKey: Guid(07404aeb115af6e4bb21cee0ee235c9f) Importer(815301076,1909f56bfc062723c751e8b465ee728b)
Start importing Assets/Sounds/M.mp3 using Guid(07404aeb115af6e4bb21cee0ee235c9f) Importer(815301076,1909f56bfc062723c751e8b465ee728b)  -> (artifact id: 'cd3ba2dffa1f5d0fd17eac0c8881ffa4') in 0.016232 seconds 
========================================================================
Received Import Request.
  Time since last request: 0.000026 seconds.
  path: Assets/Sounds/B.mp3
  artifactKey: Guid(09cba22e7c8ef734bbee36a595677c6b) Importer(815301076,1909f56bfc062723c751e8b465ee728b)
Start importing Assets/Sounds/B.mp3 using Guid(09cba22e7c8ef734bbee36a595677c6b) Importer(815301076,1909f56bfc062723c751e8b465ee728b)  -> (artifact id: '46f45756b4c7ea98de78a3a41f21def8') in 0.016280 seconds 
========================================================================
Received Import Request.
  Time since last request: 0.000026 seconds.
  path: Assets/Sounds/X.mp3
  artifactKey: Guid(3fcef822fdf4df54085312ed099c27e8) Importer(815301076,1909f56bfc062723c751e8b465ee728b)
Start importing Assets/Sounds/X.mp3 using Guid(3fcef822fdf4df54085312ed099c27e8) Importer(815301076,1909f56bfc062723c751e8b465ee728b)  -> (artifact id: '2c46a298de5e388a21c3782bbc1a64d2') in 0.018861 seconds 
========================================================================
Received Import Request.
  Time since last request: 0.000027 seconds.
  path: Assets/Sounds/L.mp3
  artifactKey: Guid(ed95a144d2f3528459f026ae0a406c9d) Importer(815301076,1909f56bfc062723c751e8b465ee728b)
Start importing Assets/Sounds/L.mp3 using Guid(ed95a144d2f3528459f026ae0a406c9d) Importer(815301076,1909f56bfc062723c751e8b465ee728b)  -> (artifact id: '675aac50914677c3615a867b747ac4c0') in 0.015456 seconds 
========================================================================
Received Import Request.
  Time since last request: 0.000031 seconds.
  path: Assets/Sounds/I.mp3
  artifactKey: Guid(559745206e1762647b95ef6f7ab392f5) Importer(815301076,1909f56bfc062723c751e8b465ee728b)
Start importing Assets/Sounds/I.mp3 using Guid(559745206e1762647b95ef6f7ab392f5) Importer(815301076,1909f56bfc062723c751e8b465ee728b)  -> (artifact id: '1f33338ea6917e2a949aad5ee0130c2c') in 0.016156 seconds 
========================================================================
Received Import Request.
  Time since last request: 0.000024 seconds.
  path: Assets/Sounds/F.mp3
  artifactKey: Guid(9cddde29af164b34282ccbe8be337251) Importer(815301076,1909f56bfc062723c751e8b465ee728b)
Start importing Assets/Sounds/F.mp3 using Guid(9cddde29af164b34282ccbe8be337251) Importer(815301076,1909f56bfc062723c751e8b465ee728b)  -> (artifact id: 'a06a68e7bccc7ad6e3f2cd6f11021dc2') in 0.016406 seconds 
========================================================================
Received Import Request.
  Time since last request: 0.000023 seconds.
  path: Assets/Sounds/G.mp3
  artifactKey: Guid(ddf15f7e54a1dc5479584f89d9af4727) Importer(815301076,1909f56bfc062723c751e8b465ee728b)
Start importing Assets/Sounds/G.mp3 using Guid(ddf15f7e54a1dc5479584f89d9af4727) Importer(815301076,1909f56bfc062723c751e8b465ee728b)  -> (artifact id: '1d8b5599e7a06de15c26622cfeec82ec') in 0.015214 seconds 
========================================================================
Received Import Request.
  Time since last request: 0.000039 seconds.
  path: Assets/Sounds/R.mp3
  artifactKey: Guid(318d8d6cd8128364383f3fac919373bf) Importer(815301076,1909f56bfc062723c751e8b465ee728b)
Start importing Assets/Sounds/R.mp3 using Guid(318d8d6cd8128364383f3fac919373bf) Importer(815301076,1909f56bfc062723c751e8b465ee728b)  -> (artifact id: '7461c5dc88cfe7ec4abc04f7ec8e0756') in 0.014568 seconds 
========================================================================
Received Import Request.
  Time since last request: 0.000028 seconds.
  path: Assets/Sounds/D.mp3
  artifactKey: Guid(cd501fc042fe0dd449609391c63f869e) Importer(815301076,1909f56bfc062723c751e8b465ee728b)
Start importing Assets/Sounds/D.mp3 using Guid(cd501fc042fe0dd449609391c63f869e) Importer(815301076,1909f56bfc062723c751e8b465ee728b)  -> (artifact id: '9103fd3be7d25f92e1cf79c7123a22d5') in 0.015926 seconds 
========================================================================
Received Import Request.
  Time since last request: 0.000027 seconds.
  path: Assets/Sounds/P.mp3
  artifactKey: Guid(9746d2a5662e3264ba3c9f026c01531b) Importer(815301076,1909f56bfc062723c751e8b465ee728b)
Start importing Assets/Sounds/P.mp3 using Guid(9746d2a5662e3264ba3c9f026c01531b) Importer(815301076,1909f56bfc062723c751e8b465ee728b)  -> (artifact id: '64079b1902e32d19ae924e506d5cf843') in 0.017324 seconds 
========================================================================
Received Import Request.
  Time since last request: 0.000030 seconds.
  path: Assets/Sounds/C.mp3
  artifactKey: Guid(97841fd88911c9b40b1583e563fc438d) Importer(815301076,1909f56bfc062723c751e8b465ee728b)
Start importing Assets/Sounds/C.mp3 using Guid(97841fd88911c9b40b1583e563fc438d) Importer(815301076,1909f56bfc062723c751e8b465ee728b)  -> (artifact id: '392234de666bbe0b5d485fab23d75eb2') in 0.014607 seconds 
========================================================================
Received Import Request.
  Time since last request: 0.000029 seconds.
  path: Assets/Sounds/J.mp3
  artifactKey: Guid(ed8848fab29384b4f8e2964763d6e7fb) Importer(815301076,1909f56bfc062723c751e8b465ee728b)
Start importing Assets/Sounds/J.mp3 using Guid(ed8848fab29384b4f8e2964763d6e7fb) Importer(815301076,1909f56bfc062723c751e8b465ee728b)  -> (artifact id: 'ece0fd862f6a39d4670e4d72ee956a59') in 0.020307 seconds 
========================================================================
Received Import Request.
  Time since last request: 0.000029 seconds.
  path: Assets/Sounds/T.mp3
  artifactKey: Guid(929e0e6c9e5b09a4895c89940f938615) Importer(815301076,1909f56bfc062723c751e8b465ee728b)
Start importing Assets/Sounds/T.mp3 using Guid(929e0e6c9e5b09a4895c89940f938615) Importer(815301076,1909f56bfc062723c751e8b465ee728b)  -> (artifact id: 'c369a206c530efadf48c2f032fc0692d') in 0.018894 seconds 
========================================================================
Received Import Request.
  Time since last request: 0.000029 seconds.
  path: Assets/Sounds/E.mp3
  artifactKey: Guid(0596a18136f248a44b0654a77232569d) Importer(815301076,1909f56bfc062723c751e8b465ee728b)
Start importing Assets/Sounds/E.mp3 using Guid(0596a18136f248a44b0654a77232569d) Importer(815301076,1909f56bfc062723c751e8b465ee728b)  -> (artifact id: 'edde985e1b2297670342432e98ecc88c') in 0.015474 seconds 
========================================================================
Received Import Request.
  Time since last request: 5.259504 seconds.
  path: Assets/Sounds/Amor.mp3
  artifactKey: Guid(1d8505b2ab65eb04cb4dc375e7599008) Importer(815301076,1909f56bfc062723c751e8b465ee728b)
Start importing Assets/Sounds/Amor.mp3 using Guid(1d8505b2ab65eb04cb4dc375e7599008) Importer(815301076,1909f56bfc062723c751e8b465ee728b)  -> (artifact id: '6acd8fc8e38714f7e4bbe849d8f9d902') in 0.017725 seconds 
