Using pre-set license
Built from '2021.3/staging' branch; Version is '2021.3.9f1 (ad3870b89536) revision 11352176'; Using compiler version '192829333'; Build Type 'Release'
OS: 'Windows 10  (10.0.19043) 64bit Professional' Language: 'en' Physical Memory: 8102 MB
BatchMode: 1, IsHumanControllingUs: 0, StartBugReporterOnCrash: 0, Is64bit: 1, IsPro: 1

COMMAND LINE ARGUMENTS:
C:\Program Files\Unity\Hub\Editor\2021.3.9f1\Editor\Unity.exe
-adb2
-batchMode
-noUpm
-name
AssetImportWorker1
-projectPath
C:/Users/Jean/Documents/UnityProjects/P/New Unity Project
-logFile
Logs/AssetImportWorker1.log
-srvPort
55924
Successfully changed project path to: C:/Users/Jean/Documents/UnityProjects/P/New Unity Project
C:/Users/Jean/Documents/UnityProjects/P/New Unity Project
[UnityMemory] Configuration Parameters - Can be set up in boot.config
    "memorysetup-bucket-allocator-granularity=16"
    "memorysetup-bucket-allocator-bucket-count=8"
    "memorysetup-bucket-allocator-block-size=33554432"
    "memorysetup-bucket-allocator-block-count=8"
    "memorysetup-main-allocator-block-size=16777216"
    "memorysetup-thread-allocator-block-size=16777216"
    "memorysetup-gfx-main-allocator-block-size=16777216"
    "memorysetup-gfx-thread-allocator-block-size=16777216"
    "memorysetup-cache-allocator-block-size=4194304"
    "memorysetup-typetree-allocator-block-size=2097152"
    "memorysetup-profiler-bucket-allocator-granularity=16"
    "memorysetup-profiler-bucket-allocator-bucket-count=8"
    "memorysetup-profiler-bucket-allocator-block-size=33554432"
    "memorysetup-profiler-bucket-allocator-block-count=8"
    "memorysetup-profiler-allocator-block-size=16777216"
    "memorysetup-profiler-editor-allocator-block-size=1048576"
    "memorysetup-temp-allocator-size-main=16777216"
    "memorysetup-job-temp-allocator-block-size=2097152"
    "memorysetup-job-temp-allocator-block-size-background=1048576"
    "memorysetup-job-temp-allocator-reduction-small-platforms=262144"
    "memorysetup-temp-allocator-size-background-worker=32768"
    "memorysetup-temp-allocator-size-job-worker=262144"
    "memorysetup-temp-allocator-size-preload-manager=33554432"
    "memorysetup-temp-allocator-size-nav-mesh-worker=65536"
    "memorysetup-temp-allocator-size-audio-worker=65536"
    "memorysetup-temp-allocator-size-cloud-worker=32768"
    "memorysetup-temp-allocator-size-gi-baking-worker=262144"
    "memorysetup-temp-allocator-size-gfx=262144"
Refreshing native plugins compatible for Editor in 172.84 ms, found 3 plugins.
Preloading 0 native plugins for Editor in 0.00 ms.
Initialize engine version: 2021.3.9f1 (ad3870b89536)
[Subsystems] Discovering subsystems at path C:/Program Files/Unity/Hub/Editor/2021.3.9f1/Editor/Data/Resources/UnitySubsystems
[Subsystems] Discovering subsystems at path C:/Users/Jean/Documents/UnityProjects/P/New Unity Project/Assets
GfxDevice: creating device client; threaded=0; jobified=0
Direct3D:
    Version:  Direct3D 11.0 [level 11.1]
    Renderer: Intel(R) HD Graphics 620 (ID=0x5916)
    Vendor:   Intel
    VRAM:     4051 MB
    Driver:   23.20.16.4849
Initialize mono
Mono path[0] = 'C:/Program Files/Unity/Hub/Editor/2021.3.9f1/Editor/Data/Managed'
Mono path[1] = 'C:/Program Files/Unity/Hub/Editor/2021.3.9f1/Editor/Data/MonoBleedingEdge/lib/mono/unityjit-win32'
Mono config path = 'C:/Program Files/Unity/Hub/Editor/2021.3.9f1/Editor/Data/MonoBleedingEdge/etc'
Using monoOptions --debugger-agent=transport=dt_socket,embedding=1,server=y,suspend=n,address=127.0.0.1:56220
Begin MonoManager ReloadAssembly
Registering precompiled unity dll's ...
Register platform support module: C:/Program Files/Unity/Hub/Editor/2021.3.9f1/Editor/Data/PlaybackEngines/WindowsStandaloneSupport/UnityEditor.WindowsStandalone.Extensions.dll
Registered in 0.017734 seconds.
Native extension for WindowsStandalone target not found
Refreshing native plugins compatible for Editor in 214.89 ms, found 3 plugins.
Preloading 0 native plugins for Editor in 0.00 ms.
Mono: successfully reloaded assembly
- Completed reload, in  1.868 seconds
Domain Reload Profiling:
	ReloadAssembly (1870ms)
		BeginReloadAssembly (216ms)
			ExecutionOrderSort (0ms)
			DisableScriptedObjects (0ms)
			BackupInstance (0ms)
			ReleaseScriptingObjects (0ms)
			CreateAndSetChildDomain (2ms)
		EndReloadAssembly (1327ms)
			LoadAssemblies (211ms)
			RebuildTransferFunctionScriptingTraits (0ms)
			SetupTypeCache (311ms)
			ReleaseScriptCaches (0ms)
			RebuildScriptCaches (78ms)
			SetupLoadedEditorAssemblies (795ms)
				LogAssemblyErrors (0ms)
				InitializePlatformSupportModulesInManaged (20ms)
				SetLoadedEditorAssemblies (1ms)
				RefreshPlugins (215ms)
				BeforeProcessingInitializeOnLoad (4ms)
				ProcessInitializeOnLoadAttributes (398ms)
				ProcessInitializeOnLoadMethodAttributes (157ms)
				AfterProcessingInitializeOnLoad (0ms)
				EditorAssembliesLoaded (0ms)
			ExecutionOrderSort2 (0ms)
			AwakeInstancesAfterBackupRestoration (0ms)
Platform modules already initialized, skipping
Registering precompiled user dll's ...
Registered in 0.019341 seconds.
Begin MonoManager ReloadAssembly
Native extension for WindowsStandalone target not found
Refreshing native plugins compatible for Editor in 1.17 ms, found 3 plugins.
Preloading 0 native plugins for Editor in 0.00 ms.
Mono: successfully reloaded assembly
- Completed reload, in  3.399 seconds
Domain Reload Profiling:
	ReloadAssembly (3402ms)
		BeginReloadAssembly (301ms)
			ExecutionOrderSort (0ms)
			DisableScriptedObjects (17ms)
			BackupInstance (0ms)
			ReleaseScriptingObjects (0ms)
			CreateAndSetChildDomain (44ms)
		EndReloadAssembly (2757ms)
			LoadAssemblies (214ms)
			RebuildTransferFunctionScriptingTraits (0ms)
			SetupTypeCache (678ms)
			ReleaseScriptCaches (1ms)
			RebuildScriptCaches (198ms)
			SetupLoadedEditorAssemblies (1555ms)
				LogAssemblyErrors (0ms)
				InitializePlatformSupportModulesInManaged (15ms)
				SetLoadedEditorAssemblies (1ms)
				RefreshPlugins (1ms)
				BeforeProcessingInitializeOnLoad (246ms)
				ProcessInitializeOnLoadAttributes (1166ms)
				ProcessInitializeOnLoadMethodAttributes (97ms)
				AfterProcessingInitializeOnLoad (27ms)
				EditorAssembliesLoaded (1ms)
			ExecutionOrderSort2 (0ms)
			AwakeInstancesAfterBackupRestoration (16ms)
Platform modules already initialized, skipping
========================================================================
Worker process is ready to serve import requests
Launched and connected shader compiler UnityShaderCompiler.exe after 0.21 seconds
Refreshing native plugins compatible for Editor in 1.45 ms, found 3 plugins.
Preloading 0 native plugins for Editor in 0.00 ms.
Unloading 3425 Unused Serialized files (Serialized files now loaded: 0)
Unloading 37 unused Assets / (129.0 KB). Loaded Objects now: 3903.
Memory consumption went from 131.3 MB to 131.1 MB.
Total: 9.738500 ms (FindLiveObjects: 0.590000 ms CreateObjectMapping: 0.570400 ms MarkObjects: 8.352100 ms  DeleteObjects: 0.223700 ms)

AssetImportParameters requested are different than current active one (requested -> active):
  custom:video-decoder-ogg-theora: a1e56fd34408186e4bbccfd4996cb3dc -> 
  custom:container-muxer-webm: aa71ff27fc2769a1b78a27578f13a17b -> 
  custom:container-demuxer-webm: 4f35f7cbe854078d1ac9338744f61a02 -> 
  custom:video-encoder-webm-vp8: eb34c28f22e8b96e1ab97ce403110664 -> 
  custom:audio-encoder-webm-vorbis: bf7c407c2cedff20999df2af8eb42d56 -> 
  custom:framework-win-MediaFoundation: 216162199b28c13a410421893ffa2e32 -> 
  custom:container-demuxer-ogg: 62fdf1f143b41e24485cea50d1cbac27 -> 
  custom:video-decoder-webm-vp8: 9c59270c3fd7afecdb556c50c9e8de78 -> 
  custom:audio-decoder-ogg-vorbis: bf7c407c2cedff20999df2af8eb42d56 -> 
========================================================================
Received Import Request.
  Time since last request: 1729.472777 seconds.
  path: Assets/Sounds/U.mp3
  artifactKey: Guid(3f31dfed32ff18041b39a566d28616c6) Importer(815301076,1909f56bfc062723c751e8b465ee728b)
Start importing Assets/Sounds/U.mp3 using Guid(3f31dfed32ff18041b39a566d28616c6) Importer(815301076,1909f56bfc062723c751e8b465ee728b)  -> (artifact id: '39948bf1aebce6ad80b671695dc7e1a8') in 0.372605 seconds 
========================================================================
Received Import Request.
  Time since last request: 0.000082 seconds.
  path: Assets/Sounds/Q.mp3
  artifactKey: Guid(e5d35e5ced0fc52418e29ee253e6b6d5) Importer(815301076,1909f56bfc062723c751e8b465ee728b)
Start importing Assets/Sounds/Q.mp3 using Guid(e5d35e5ced0fc52418e29ee253e6b6d5) Importer(815301076,1909f56bfc062723c751e8b465ee728b)  -> (artifact id: '7952e98bd30170dc635dab49d1e5733a') in 0.078348 seconds 
========================================================================
Received Import Request.
  Time since last request: 0.000081 seconds.
  path: Assets/Sounds/H.mp3
  artifactKey: Guid(5aa3a9825b098d34f944c084b96db13b) Importer(815301076,1909f56bfc062723c751e8b465ee728b)
Start importing Assets/Sounds/H.mp3 using Guid(5aa3a9825b098d34f944c084b96db13b) Importer(815301076,1909f56bfc062723c751e8b465ee728b)  -> (artifact id: 'c3d3860416e39567cec5f04a7a7276fc') in 0.079036 seconds 
========================================================================
Received Import Request.
  Time since last request: 0.000040 seconds.
  path: Assets/Sounds/V.mp3
  artifactKey: Guid(72197c366fd90d244bebf5c5b8d11f2b) Importer(815301076,1909f56bfc062723c751e8b465ee728b)
Start importing Assets/Sounds/V.mp3 using Guid(72197c366fd90d244bebf5c5b8d11f2b) Importer(815301076,1909f56bfc062723c751e8b465ee728b)  -> (artifact id: '711be725617c108b1b0bc70ecde3698e') in 0.048993 seconds 
========================================================================
Received Import Request.
  Time since last request: 0.000040 seconds.
  path: Assets/Sounds/S.mp3
  artifactKey: Guid(d8df5ee8d2e56de4eafcd2e747871784) Importer(815301076,1909f56bfc062723c751e8b465ee728b)
Start importing Assets/Sounds/S.mp3 using Guid(d8df5ee8d2e56de4eafcd2e747871784) Importer(815301076,1909f56bfc062723c751e8b465ee728b)  -> (artifact id: 'b4561d3da5c945cfade2e2d1c4fe2aea') in 0.058653 seconds 
========================================================================
Received Import Request.
  Time since last request: 0.000041 seconds.
  path: Assets/Sounds/O.mp3
  artifactKey: Guid(2c0630baf102b584bb2136f1eae03c29) Importer(815301076,1909f56bfc062723c751e8b465ee728b)
Start importing Assets/Sounds/O.mp3 using Guid(2c0630baf102b584bb2136f1eae03c29) Importer(815301076,1909f56bfc062723c751e8b465ee728b)  -> (artifact id: 'ea8af472f47f1c9aa3724560ba986b00') in 0.057149 seconds 
========================================================================
Received Import Request.
  Time since last request: 0.000063 seconds.
  path: Assets/Sounds/N.mp3
  artifactKey: Guid(1da24dbf406e7b544b7f544dd5e9f7b9) Importer(815301076,1909f56bfc062723c751e8b465ee728b)
Start importing Assets/Sounds/N.mp3 using Guid(1da24dbf406e7b544b7f544dd5e9f7b9) Importer(815301076,1909f56bfc062723c751e8b465ee728b)  -> (artifact id: 'cb6d2a5149a18dad2df8f552e473d673') in 0.062512 seconds 
========================================================================
Received Import Request.
  Time since last request: 0.000071 seconds.
  path: Assets/Sounds/Z.mp3
  artifactKey: Guid(96705d8c8463b574aa07b37d420cc49d) Importer(815301076,1909f56bfc062723c751e8b465ee728b)
Start importing Assets/Sounds/Z.mp3 using Guid(96705d8c8463b574aa07b37d420cc49d) Importer(815301076,1909f56bfc062723c751e8b465ee728b)  -> (artifact id: '555b2f0abbe7009ab88d8d191487659f') in 0.053558 seconds 
========================================================================
Received Import Request.
  Time since last request: 0.000067 seconds.
  path: Assets/Sounds/M.mp3
  artifactKey: Guid(07404aeb115af6e4bb21cee0ee235c9f) Importer(815301076,1909f56bfc062723c751e8b465ee728b)
Start importing Assets/Sounds/M.mp3 using Guid(07404aeb115af6e4bb21cee0ee235c9f) Importer(815301076,1909f56bfc062723c751e8b465ee728b)  -> (artifact id: '9eddcc0037421161d75f446bce9ae9b3') in 0.055646 seconds 
========================================================================
Received Import Request.
  Time since last request: 0.000060 seconds.
  path: Assets/Sounds/B.mp3
  artifactKey: Guid(09cba22e7c8ef734bbee36a595677c6b) Importer(815301076,1909f56bfc062723c751e8b465ee728b)
Start importing Assets/Sounds/B.mp3 using Guid(09cba22e7c8ef734bbee36a595677c6b) Importer(815301076,1909f56bfc062723c751e8b465ee728b)  -> (artifact id: 'd5a1b87d0ed139b136195703eff24eb8') in 0.050824 seconds 
========================================================================
Received Import Request.
  Time since last request: 0.000076 seconds.
  path: Assets/Sounds/X.mp3
  artifactKey: Guid(3fcef822fdf4df54085312ed099c27e8) Importer(815301076,1909f56bfc062723c751e8b465ee728b)
Start importing Assets/Sounds/X.mp3 using Guid(3fcef822fdf4df54085312ed099c27e8) Importer(815301076,1909f56bfc062723c751e8b465ee728b)  -> (artifact id: '8fdf05947dbc0907c77786e418d9ffd3') in 0.054935 seconds 
========================================================================
Received Import Request.
  Time since last request: 0.000036 seconds.
  path: Assets/Sounds/A.mp3
  artifactKey: Guid(c4cc84e55b9e939469b660e762abde5c) Importer(815301076,1909f56bfc062723c751e8b465ee728b)
Start importing Assets/Sounds/A.mp3 using Guid(c4cc84e55b9e939469b660e762abde5c) Importer(815301076,1909f56bfc062723c751e8b465ee728b)  -> (artifact id: 'aece9e064ebcff93e64848b506bbb6eb') in 0.057823 seconds 
========================================================================
Received Import Request.
  Time since last request: 0.000040 seconds.
  path: Assets/Sounds/L.mp3
  artifactKey: Guid(ed95a144d2f3528459f026ae0a406c9d) Importer(815301076,1909f56bfc062723c751e8b465ee728b)
Start importing Assets/Sounds/L.mp3 using Guid(ed95a144d2f3528459f026ae0a406c9d) Importer(815301076,1909f56bfc062723c751e8b465ee728b)  -> (artifact id: '23cde3ec628c39611f34b099976fa385') in 0.052044 seconds 
========================================================================
Received Import Request.
  Time since last request: 0.000057 seconds.
  path: Assets/Sounds/I.mp3
  artifactKey: Guid(559745206e1762647b95ef6f7ab392f5) Importer(815301076,1909f56bfc062723c751e8b465ee728b)
Start importing Assets/Sounds/I.mp3 using Guid(559745206e1762647b95ef6f7ab392f5) Importer(815301076,1909f56bfc062723c751e8b465ee728b)  -> (artifact id: 'cb386ade8f225c8fb4993b45305c0a6d') in 0.058867 seconds 
========================================================================
Received Import Request.
  Time since last request: 0.000073 seconds.
  path: Assets/Sounds/F.mp3
  artifactKey: Guid(9cddde29af164b34282ccbe8be337251) Importer(815301076,1909f56bfc062723c751e8b465ee728b)
Start importing Assets/Sounds/F.mp3 using Guid(9cddde29af164b34282ccbe8be337251) Importer(815301076,1909f56bfc062723c751e8b465ee728b)  -> (artifact id: 'ff0de39838f72994aa4d8c3ad0574124') in 0.057609 seconds 
========================================================================
Received Import Request.
  Time since last request: 0.000049 seconds.
  path: Assets/Sounds/G.mp3
  artifactKey: Guid(ddf15f7e54a1dc5479584f89d9af4727) Importer(815301076,1909f56bfc062723c751e8b465ee728b)
Start importing Assets/Sounds/G.mp3 using Guid(ddf15f7e54a1dc5479584f89d9af4727) Importer(815301076,1909f56bfc062723c751e8b465ee728b)  -> (artifact id: '5cec904360ac4ee0c5f0fde92ea9310a') in 0.059526 seconds 
========================================================================
Received Import Request.
  Time since last request: 0.000047 seconds.
  path: Assets/Sounds/R.mp3
  artifactKey: Guid(318d8d6cd8128364383f3fac919373bf) Importer(815301076,1909f56bfc062723c751e8b465ee728b)
Start importing Assets/Sounds/R.mp3 using Guid(318d8d6cd8128364383f3fac919373bf) Importer(815301076,1909f56bfc062723c751e8b465ee728b)  -> (artifact id: '5947ae8c0042363bb0bd540e8b327bdd') in 0.056330 seconds 
========================================================================
Received Import Request.
  Time since last request: 0.000051 seconds.
  path: Assets/Sounds/D.mp3
  artifactKey: Guid(cd501fc042fe0dd449609391c63f869e) Importer(815301076,1909f56bfc062723c751e8b465ee728b)
Start importing Assets/Sounds/D.mp3 using Guid(cd501fc042fe0dd449609391c63f869e) Importer(815301076,1909f56bfc062723c751e8b465ee728b)  -> (artifact id: 'c1191affc9668072313efd25468cf679') in 0.049532 seconds 
========================================================================
Received Import Request.
  Time since last request: 0.000057 seconds.
  path: Assets/Sounds/P.mp3
  artifactKey: Guid(9746d2a5662e3264ba3c9f026c01531b) Importer(815301076,1909f56bfc062723c751e8b465ee728b)
Start importing Assets/Sounds/P.mp3 using Guid(9746d2a5662e3264ba3c9f026c01531b) Importer(815301076,1909f56bfc062723c751e8b465ee728b)  -> (artifact id: '29076afff0fb2d461fb1eecef140a358') in 0.064887 seconds 
========================================================================
Received Import Request.
  Time since last request: 0.000062 seconds.
  path: Assets/Sounds/C.mp3
  artifactKey: Guid(97841fd88911c9b40b1583e563fc438d) Importer(815301076,1909f56bfc062723c751e8b465ee728b)
Start importing Assets/Sounds/C.mp3 using Guid(97841fd88911c9b40b1583e563fc438d) Importer(815301076,1909f56bfc062723c751e8b465ee728b)  -> (artifact id: '5bdefb92beaf2b12dc57191a42fdd19c') in 0.065303 seconds 
========================================================================
Received Import Request.
  Time since last request: 0.000051 seconds.
  path: Assets/Sounds/J.mp3
  artifactKey: Guid(ed8848fab29384b4f8e2964763d6e7fb) Importer(815301076,1909f56bfc062723c751e8b465ee728b)
Start importing Assets/Sounds/J.mp3 using Guid(ed8848fab29384b4f8e2964763d6e7fb) Importer(815301076,1909f56bfc062723c751e8b465ee728b)  -> (artifact id: '2819510039590773a821f6cbabf86747') in 0.060462 seconds 
========================================================================
Received Import Request.
  Time since last request: 0.000058 seconds.
  path: Assets/Sounds/T.mp3
  artifactKey: Guid(929e0e6c9e5b09a4895c89940f938615) Importer(815301076,1909f56bfc062723c751e8b465ee728b)
Start importing Assets/Sounds/T.mp3 using Guid(929e0e6c9e5b09a4895c89940f938615) Importer(815301076,1909f56bfc062723c751e8b465ee728b)  -> (artifact id: 'b457cd67461e48b3ff844c306a53a1a5') in 0.052637 seconds 
========================================================================
Received Import Request.
  Time since last request: 0.000068 seconds.
  path: Assets/Sounds/E.mp3
  artifactKey: Guid(0596a18136f248a44b0654a77232569d) Importer(815301076,1909f56bfc062723c751e8b465ee728b)
Start importing Assets/Sounds/E.mp3 using Guid(0596a18136f248a44b0654a77232569d) Importer(815301076,1909f56bfc062723c751e8b465ee728b)  -> (artifact id: '4a47beb64264a9d54f3b2d0ab29de25a') in 0.059313 seconds 
========================================================================
Received Prepare
Registering precompiled user dll's ...
Registered in 0.006832 seconds.
Begin MonoManager ReloadAssembly
Native extension for WindowsStandalone target not found
Refreshing native plugins compatible for Editor in 1.25 ms, found 3 plugins.
Preloading 0 native plugins for Editor in 0.00 ms.
Mono: successfully reloaded assembly
- Completed reload, in  2.405 seconds
Domain Reload Profiling:
	ReloadAssembly (2406ms)
		BeginReloadAssembly (200ms)
			ExecutionOrderSort (0ms)
			DisableScriptedObjects (7ms)
			BackupInstance (0ms)
			ReleaseScriptingObjects (0ms)
			CreateAndSetChildDomain (52ms)
		EndReloadAssembly (2054ms)
			LoadAssemblies (143ms)
			RebuildTransferFunctionScriptingTraits (0ms)
			SetupTypeCache (507ms)
			ReleaseScriptCaches (1ms)
			RebuildScriptCaches (152ms)
			SetupLoadedEditorAssemblies (1049ms)
				LogAssemblyErrors (0ms)
				InitializePlatformSupportModulesInManaged (48ms)
				SetLoadedEditorAssemblies (1ms)
				RefreshPlugins (1ms)
				BeforeProcessingInitializeOnLoad (193ms)
				ProcessInitializeOnLoadAttributes (687ms)
				ProcessInitializeOnLoadMethodAttributes (89ms)
				AfterProcessingInitializeOnLoad (29ms)
				EditorAssembliesLoaded (0ms)
			ExecutionOrderSort2 (0ms)
			AwakeInstancesAfterBackupRestoration (19ms)
Platform modules already initialized, skipping
Refreshing native plugins compatible for Editor in 4.83 ms, found 3 plugins.
Preloading 0 native plugins for Editor in 0.00 ms.
Unloading 3417 Unused Serialized files (Serialized files now loaded: 0)
Unloading 18 unused Assets / (95.3 KB). Loaded Objects now: 3927.
Memory consumption went from 135.3 MB to 135.3 MB.
Total: 7.206400 ms (FindLiveObjects: 0.512500 ms CreateObjectMapping: 0.510000 ms MarkObjects: 6.126900 ms  DeleteObjects: 0.055500 ms)

AssetImportParameters requested are different than current active one (requested -> active):
  custom:video-decoder-ogg-theora: a1e56fd34408186e4bbccfd4996cb3dc -> 
  custom:container-muxer-webm: aa71ff27fc2769a1b78a27578f13a17b -> 
  custom:container-demuxer-webm: 4f35f7cbe854078d1ac9338744f61a02 -> 
  custom:video-encoder-webm-vp8: eb34c28f22e8b96e1ab97ce403110664 -> 
  custom:audio-encoder-webm-vorbis: bf7c407c2cedff20999df2af8eb42d56 -> 
  custom:framework-win-MediaFoundation: 216162199b28c13a410421893ffa2e32 -> 
  custom:container-demuxer-ogg: 62fdf1f143b41e24485cea50d1cbac27 -> 
  custom:video-decoder-webm-vp8: 9c59270c3fd7afecdb556c50c9e8de78 -> 
  custom:audio-decoder-ogg-vorbis: bf7c407c2cedff20999df2af8eb42d56 -> 
========================================================================
Received Prepare
Registering precompiled user dll's ...
Registered in 0.010943 seconds.
Begin MonoManager ReloadAssembly
Native extension for WindowsStandalone target not found
Refreshing native plugins compatible for Editor in 1.32 ms, found 3 plugins.
Preloading 0 native plugins for Editor in 0.00 ms.
Mono: successfully reloaded assembly
- Completed reload, in  1.965 seconds
Domain Reload Profiling:
	ReloadAssembly (1967ms)
		BeginReloadAssembly (185ms)
			ExecutionOrderSort (0ms)
			DisableScriptedObjects (7ms)
			BackupInstance (0ms)
			ReleaseScriptingObjects (0ms)
			CreateAndSetChildDomain (50ms)
		EndReloadAssembly (1620ms)
			LoadAssemblies (124ms)
			RebuildTransferFunctionScriptingTraits (0ms)
			SetupTypeCache (347ms)
			ReleaseScriptCaches (2ms)
			RebuildScriptCaches (73ms)
			SetupLoadedEditorAssemblies (926ms)
				LogAssemblyErrors (0ms)
				InitializePlatformSupportModulesInManaged (34ms)
				SetLoadedEditorAssemblies (1ms)
				RefreshPlugins (1ms)
				BeforeProcessingInitializeOnLoad (154ms)
				ProcessInitializeOnLoadAttributes (646ms)
				ProcessInitializeOnLoadMethodAttributes (71ms)
				AfterProcessingInitializeOnLoad (19ms)
				EditorAssembliesLoaded (0ms)
			ExecutionOrderSort2 (0ms)
			AwakeInstancesAfterBackupRestoration (15ms)
Platform modules already initialized, skipping
Refreshing native plugins compatible for Editor in 4.96 ms, found 3 plugins.
Preloading 0 native plugins for Editor in 0.00 ms.
Unloading 3417 Unused Serialized files (Serialized files now loaded: 0)
Unloading 18 unused Assets / (95.3 KB). Loaded Objects now: 3942.
Memory consumption went from 135.4 MB to 135.3 MB.
Total: 6.966600 ms (FindLiveObjects: 0.467600 ms CreateObjectMapping: 0.521700 ms MarkObjects: 5.898100 ms  DeleteObjects: 0.077900 ms)

AssetImportParameters requested are different than current active one (requested -> active):
  custom:video-decoder-ogg-theora: a1e56fd34408186e4bbccfd4996cb3dc -> 
  custom:container-muxer-webm: aa71ff27fc2769a1b78a27578f13a17b -> 
  custom:container-demuxer-webm: 4f35f7cbe854078d1ac9338744f61a02 -> 
  custom:video-encoder-webm-vp8: eb34c28f22e8b96e1ab97ce403110664 -> 
  custom:audio-encoder-webm-vorbis: bf7c407c2cedff20999df2af8eb42d56 -> 
  custom:framework-win-MediaFoundation: 216162199b28c13a410421893ffa2e32 -> 
  custom:container-demuxer-ogg: 62fdf1f143b41e24485cea50d1cbac27 -> 
  custom:video-decoder-webm-vp8: 9c59270c3fd7afecdb556c50c9e8de78 -> 
  custom:audio-decoder-ogg-vorbis: bf7c407c2cedff20999df2af8eb42d56 -> 
========================================================================
Received Prepare
Registering precompiled user dll's ...
Registered in 0.007372 seconds.
Begin MonoManager ReloadAssembly
Native extension for WindowsStandalone target not found
Refreshing native plugins compatible for Editor in 1.37 ms, found 3 plugins.
Preloading 0 native plugins for Editor in 0.00 ms.
Mono: successfully reloaded assembly
- Completed reload, in  2.088 seconds
Domain Reload Profiling:
	ReloadAssembly (2089ms)
		BeginReloadAssembly (197ms)
			ExecutionOrderSort (0ms)
			DisableScriptedObjects (9ms)
			BackupInstance (0ms)
			ReleaseScriptingObjects (0ms)
			CreateAndSetChildDomain (49ms)
		EndReloadAssembly (1716ms)
			LoadAssemblies (138ms)
			RebuildTransferFunctionScriptingTraits (0ms)
			SetupTypeCache (402ms)
			ReleaseScriptCaches (2ms)
			RebuildScriptCaches (109ms)
			SetupLoadedEditorAssemblies (928ms)
				LogAssemblyErrors (0ms)
				InitializePlatformSupportModulesInManaged (34ms)
				SetLoadedEditorAssemblies (2ms)
				RefreshPlugins (2ms)
				BeforeProcessingInitializeOnLoad (159ms)
				ProcessInitializeOnLoadAttributes (634ms)
				ProcessInitializeOnLoadMethodAttributes (78ms)
				AfterProcessingInitializeOnLoad (20ms)
				EditorAssembliesLoaded (0ms)
			ExecutionOrderSort2 (0ms)
			AwakeInstancesAfterBackupRestoration (17ms)
Platform modules already initialized, skipping
Refreshing native plugins compatible for Editor in 5.32 ms, found 3 plugins.
Preloading 0 native plugins for Editor in 0.00 ms.
Unloading 3417 Unused Serialized files (Serialized files now loaded: 0)
Unloading 18 unused Assets / (95.3 KB). Loaded Objects now: 3957.
Memory consumption went from 135.4 MB to 135.3 MB.
Total: 5.812800 ms (FindLiveObjects: 0.483400 ms CreateObjectMapping: 0.421700 ms MarkObjects: 4.842800 ms  DeleteObjects: 0.063200 ms)

AssetImportParameters requested are different than current active one (requested -> active):
  custom:video-decoder-ogg-theora: a1e56fd34408186e4bbccfd4996cb3dc -> 
  custom:container-muxer-webm: aa71ff27fc2769a1b78a27578f13a17b -> 
  custom:container-demuxer-webm: 4f35f7cbe854078d1ac9338744f61a02 -> 
  custom:video-encoder-webm-vp8: eb34c28f22e8b96e1ab97ce403110664 -> 
  custom:audio-encoder-webm-vorbis: bf7c407c2cedff20999df2af8eb42d56 -> 
  custom:framework-win-MediaFoundation: 216162199b28c13a410421893ffa2e32 -> 
  custom:container-demuxer-ogg: 62fdf1f143b41e24485cea50d1cbac27 -> 
  custom:video-decoder-webm-vp8: 9c59270c3fd7afecdb556c50c9e8de78 -> 
  custom:audio-decoder-ogg-vorbis: bf7c407c2cedff20999df2af8eb42d56 -> 
========================================================================
Received Prepare
Registering precompiled user dll's ...
Registered in 0.008809 seconds.
Begin MonoManager ReloadAssembly
Native extension for WindowsStandalone target not found
Refreshing native plugins compatible for Editor in 1.35 ms, found 3 plugins.
Preloading 0 native plugins for Editor in 0.00 ms.
Mono: successfully reloaded assembly
- Completed reload, in  2.245 seconds
Domain Reload Profiling:
	ReloadAssembly (2246ms)
		BeginReloadAssembly (178ms)
			ExecutionOrderSort (0ms)
			DisableScriptedObjects (6ms)
			BackupInstance (0ms)
			ReleaseScriptingObjects (0ms)
			CreateAndSetChildDomain (49ms)
		EndReloadAssembly (1925ms)
			LoadAssemblies (118ms)
			RebuildTransferFunctionScriptingTraits (0ms)
			SetupTypeCache (503ms)
			ReleaseScriptCaches (2ms)
			RebuildScriptCaches (100ms)
			SetupLoadedEditorAssemblies (1047ms)
				LogAssemblyErrors (0ms)
				InitializePlatformSupportModulesInManaged (44ms)
				SetLoadedEditorAssemblies (2ms)
				RefreshPlugins (2ms)
				BeforeProcessingInitializeOnLoad (272ms)
				ProcessInitializeOnLoadAttributes (629ms)
				ProcessInitializeOnLoadMethodAttributes (71ms)
				AfterProcessingInitializeOnLoad (27ms)
				EditorAssembliesLoaded (1ms)
			ExecutionOrderSort2 (0ms)
			AwakeInstancesAfterBackupRestoration (19ms)
Platform modules already initialized, skipping
Refreshing native plugins compatible for Editor in 5.51 ms, found 3 plugins.
Preloading 0 native plugins for Editor in 0.00 ms.
Unloading 3417 Unused Serialized files (Serialized files now loaded: 0)
Unloading 18 unused Assets / (95.3 KB). Loaded Objects now: 3972.
Memory consumption went from 135.4 MB to 135.3 MB.
Total: 5.815100 ms (FindLiveObjects: 0.365500 ms CreateObjectMapping: 0.303200 ms MarkObjects: 5.092600 ms  DeleteObjects: 0.052500 ms)

AssetImportParameters requested are different than current active one (requested -> active):
  custom:video-decoder-ogg-theora: a1e56fd34408186e4bbccfd4996cb3dc -> 
  custom:container-muxer-webm: aa71ff27fc2769a1b78a27578f13a17b -> 
  custom:container-demuxer-webm: 4f35f7cbe854078d1ac9338744f61a02 -> 
  custom:video-encoder-webm-vp8: eb34c28f22e8b96e1ab97ce403110664 -> 
  custom:audio-encoder-webm-vorbis: bf7c407c2cedff20999df2af8eb42d56 -> 
  custom:framework-win-MediaFoundation: 216162199b28c13a410421893ffa2e32 -> 
  custom:container-demuxer-ogg: 62fdf1f143b41e24485cea50d1cbac27 -> 
  custom:video-decoder-webm-vp8: 9c59270c3fd7afecdb556c50c9e8de78 -> 
  custom:audio-decoder-ogg-vorbis: bf7c407c2cedff20999df2af8eb42d56 -> 
